0 info it worked if it ends with ok
1 verbose cli [ '/usr/local/Cellar/node/5.5.0/bin/node',
1 verbose cli   '/usr/local/bin/npm',
1 verbose cli   'run',
1 verbose cli   'precommit' ]
2 info using npm@3.5.3
3 info using node@v5.5.0
4 verbose run-script [ 'precommit' ]
5 info lifecycle modelier@0.0.0~precommit: modelier@0.0.0
6 verbose lifecycle modelier@0.0.0~precommit: unsafe-perm in lifecycle true
7 verbose lifecycle modelier@0.0.0~precommit: PATH: /usr/local/lib/node_modules/npm/bin/node-gyp-bin:/Users/nikolay/workspace/Projects/modelier/node_modules/.bin:/usr/local/lib/node_modules/npm/bin/node-gyp-bin:/Users/nikolay/workspace/Projects/modelier/node_modules/husky/node_modules/.bin:/Users/nikolay/workspace/Projects/modelier/node_modules/.bin:./bin:./node_modules/.bin:/Users/nikolay/.rbenv/shims:/Users/nikolay/.rbenv/bin:/usr/local/bin:/usr/bin:/bin:/usr/sbin:/sbin
8 verbose lifecycle modelier@0.0.0~precommit: CWD: /Users/nikolay/workspace/Projects/modelier
9 silly lifecycle modelier@0.0.0~precommit: Args: [ '-c', 'npm run lint' ]
10 silly lifecycle modelier@0.0.0~precommit: Returned: code: 1  signal: null
11 info lifecycle modelier@0.0.0~precommit: Failed to exec precommit script
12 verbose stack Error: modelier@0.0.0 precommit: `npm run lint`
12 verbose stack Exit status 1
12 verbose stack     at EventEmitter.<anonymous> (/usr/local/lib/node_modules/npm/lib/utils/lifecycle.js:232:16)
12 verbose stack     at emitTwo (events.js:100:13)
12 verbose stack     at EventEmitter.emit (events.js:185:7)
12 verbose stack     at ChildProcess.<anonymous> (/usr/local/lib/node_modules/npm/lib/utils/spawn.js:24:14)
12 verbose stack     at emitTwo (events.js:100:13)
12 verbose stack     at ChildProcess.emit (events.js:185:7)
12 verbose stack     at maybeClose (internal/child_process.js:821:16)
12 verbose stack     at Process.ChildProcess._handle.onexit (internal/child_process.js:211:5)
13 verbose pkgid modelier@0.0.0
14 verbose cwd /Users/nikolay/workspace/Projects/modelier
15 error Darwin 15.4.0
16 error argv "/usr/local/Cellar/node/5.5.0/bin/node" "/usr/local/bin/npm" "run" "precommit"
17 error node v5.5.0
18 error npm  v3.5.3
19 error code ELIFECYCLE
20 error modelier@0.0.0 precommit: `npm run lint`
20 error Exit status 1
21 error Failed at the modelier@0.0.0 precommit script 'npm run lint'.
21 error Make sure you have the latest version of node.js and npm installed.
21 error If you do, this is most likely a problem with the modelier package,
21 error not with npm itself.
21 error Tell the author that this fails on your system:
21 error     npm run lint
21 error You can get information on how to open an issue for this project with:
21 error     npm bugs modelier
21 error Or if that isn't available, you can get their info via:
21 error     npm owner ls modelier
21 error There is likely additional logging output above.
22 verbose exit [ 1, true ]
